mode: set
/Users/connerjensen/Documents/programming/zip-manipulation/main.go:19.13,27.16 4 0
/Users/connerjensen/Documents/programming/zip-manipulation/main.go:30.2,33.16 3 0
/Users/connerjensen/Documents/programming/zip-manipulation/main.go:36.2,40.30 5 0
/Users/connerjensen/Documents/programming/zip-manipulation/main.go:27.16,29.3 1 0
/Users/connerjensen/Documents/programming/zip-manipulation/main.go:33.16,35.3 1 0
/Users/connerjensen/Documents/programming/zip-manipulation/main.go:44.46,48.16 3 0
/Users/connerjensen/Documents/programming/zip-manipulation/main.go:52.2,53.16 2 0
/Users/connerjensen/Documents/programming/zip-manipulation/main.go:56.2,57.16 2 0
/Users/connerjensen/Documents/programming/zip-manipulation/main.go:61.2,62.16 2 0
/Users/connerjensen/Documents/programming/zip-manipulation/main.go:66.2,68.33 2 0
/Users/connerjensen/Documents/programming/zip-manipulation/main.go:87.2,87.12 1 0
/Users/connerjensen/Documents/programming/zip-manipulation/main.go:48.16,50.3 1 0
/Users/connerjensen/Documents/programming/zip-manipulation/main.go:53.16,55.3 1 0
/Users/connerjensen/Documents/programming/zip-manipulation/main.go:57.16,59.3 1 0
/Users/connerjensen/Documents/programming/zip-manipulation/main.go:62.16,64.3 1 0
/Users/connerjensen/Documents/programming/zip-manipulation/main.go:68.33,71.77 3 0
/Users/connerjensen/Documents/programming/zip-manipulation/main.go:71.78,72.4 0 0
/Users/connerjensen/Documents/programming/zip-manipulation/main.go:72.9,77.4 4 0
/Users/connerjensen/Documents/programming/zip-manipulation/main.go:92.21,95.16 2 1
/Users/connerjensen/Documents/programming/zip-manipulation/main.go:100.2,101.16 2 1
/Users/connerjensen/Documents/programming/zip-manipulation/main.go:104.2,113.33 6 1
/Users/connerjensen/Documents/programming/zip-manipulation/main.go:149.2,149.18 1 1
/Users/connerjensen/Documents/programming/zip-manipulation/main.go:95.16,97.3 1 0
/Users/connerjensen/Documents/programming/zip-manipulation/main.go:101.16,103.3 1 0
/Users/connerjensen/Documents/programming/zip-manipulation/main.go:113.33,115.28 1 1
/Users/connerjensen/Documents/programming/zip-manipulation/main.go:115.28,119.23 3 1
/Users/connerjensen/Documents/programming/zip-manipulation/main.go:119.23,121.27 2 1
/Users/connerjensen/Documents/programming/zip-manipulation/main.go:121.27,131.20 7 1
/Users/connerjensen/Documents/programming/zip-manipulation/main.go:135.6,141.20 7 1
/Users/connerjensen/Documents/programming/zip-manipulation/main.go:144.6,144.31 1 1
/Users/connerjensen/Documents/programming/zip-manipulation/main.go:131.20,133.7 1 0
/Users/connerjensen/Documents/programming/zip-manipulation/main.go:141.20,143.7 1 0
/Users/connerjensen/Documents/programming/zip-manipulation/main.go:152.75,154.16 2 1
/Users/connerjensen/Documents/programming/zip-manipulation/main.go:158.2,159.16 2 1
/Users/connerjensen/Documents/programming/zip-manipulation/main.go:162.2,175.33 9 1
/Users/connerjensen/Documents/programming/zip-manipulation/main.go:211.2,211.18 1 0
/Users/connerjensen/Documents/programming/zip-manipulation/main.go:154.16,156.3 1 0
/Users/connerjensen/Documents/programming/zip-manipulation/main.go:159.16,161.3 1 0
/Users/connerjensen/Documents/programming/zip-manipulation/main.go:175.33,176.28 1 1
/Users/connerjensen/Documents/programming/zip-manipulation/main.go:176.28,179.23 3 1
/Users/connerjensen/Documents/programming/zip-manipulation/main.go:179.23,182.26 2 1
/Users/connerjensen/Documents/programming/zip-manipulation/main.go:182.26,185.31 2 1
/Users/connerjensen/Documents/programming/zip-manipulation/main.go:185.31,188.37 3 1
/Users/connerjensen/Documents/programming/zip-manipulation/main.go:196.7,197.38 2 1
/Users/connerjensen/Documents/programming/zip-manipulation/main.go:205.7,205.32 1 1
/Users/connerjensen/Documents/programming/zip-manipulation/main.go:188.37,192.22 3 1
/Users/connerjensen/Documents/programming/zip-manipulation/main.go:192.22,194.9 1 0
/Users/connerjensen/Documents/programming/zip-manipulation/main.go:197.38,201.22 3 1
/Users/connerjensen/Documents/programming/zip-manipulation/main.go:201.22,203.9 1 0
/Users/connerjensen/Documents/programming/zip-manipulation/main.go:214.39,215.69 1 1
/Users/connerjensen/Documents/programming/zip-manipulation/main.go:218.2,218.14 1 1
/Users/connerjensen/Documents/programming/zip-manipulation/main.go:215.69,217.3 1 1
/Users/connerjensen/Documents/programming/zip-manipulation/main.go:221.67,224.16 2 1
/Users/connerjensen/Documents/programming/zip-manipulation/main.go:229.2,230.16 2 1
/Users/connerjensen/Documents/programming/zip-manipulation/main.go:235.2,236.16 2 1
/Users/connerjensen/Documents/programming/zip-manipulation/main.go:240.2,240.18 1 1
/Users/connerjensen/Documents/programming/zip-manipulation/main.go:224.16,226.3 1 0
/Users/connerjensen/Documents/programming/zip-manipulation/main.go:230.16,232.3 1 0
/Users/connerjensen/Documents/programming/zip-manipulation/main.go:236.16,238.3 1 0
